#
# There is insufficient memory for the Java Runtime Environment to continue.
# Native memory allocation (mmap) failed to map 134217728 bytes for Failed to commit area from 0x0000000081a00000 to 0x0000000089a00000 of length 134217728.
# Possible reasons:
#   The system is out of physical RAM or swap space
#   The process is running with CompressedOops enabled, and the Java Heap may be blocking the growth of the native heap
# Possible solutions:
#   Reduce memory load on the system
#   Increase physical memory or swap space
#   Check if swap backing store is full
#   Decrease Java heap size (-Xmx/-Xms)
#   Decrease number of Java threads
#   Decrease Java thread stack sizes (-Xss)
#   Set larger code cache with -XX:ReservedCodeCacheSize=
# This output file may be truncated or incomplete.
#
#  Out of Memory Error (./src/hotspot/os/windows/os_windows.cpp:3521), pid=14952, tid=14900
#
# JRE version:  (11.0.12+7) (build )
# Java VM: OpenJDK 64-Bit Server VM (11.0.12+7-b1504.28-7817840, mixed mode, sharing, tiered, compressed oops, g1 gc, windows-amd64)
# No core dump will be written. Minidumps are not enabled by default on client versions of Windows
#

---------------  S U M M A R Y ------------

Command Line: org.jetbrains.kotlin.cli.jvm.K2JVMCompiler @C:\Users\Turonbank\AndroidStudioProjects\623k\app\build\20220620_11905815446480975141.compiler.options

Host: Intel(R) Core(TM) i3-10100 CPU @ 3.60GHz, 8 cores, 7G,  Windows 10 , 64 bit Build 19041 (10.0.19041.1741)
Time: Mon Jun 20 11:44:19 2022 Западная Азия (зима) elapsed time: 0.009624 seconds (0d 0h 0m 0s)

---------------  T H R E A D  ---------------

Current thread (0x0000018993c6b000):  JavaThread "Unknown thread" [_thread_in_vm, id=14900, stack(0x00000033cc000000,0x00000033cc100000)]

Stack: [0x00000033cc000000,0x00000033cc100000]
Native frames: (J=compiled Java code, j=interpreted, Vv=VM code, C=native code)
V  [jvm.dll+0x5fbcea]
V  [jvm.dll+0x731905]
V  [jvm.dll+0x732f1d]
V  [jvm.dll+0x7335d3]
V  [jvm.dll+0x247bf8]
V  [jvm.dll+0x5f90b4]
V  [jvm.dll+0x5edc85]
V  [jvm.dll+0x305aeb]
V  [jvm.dll+0x305a5a]
V  [jvm.dll+0x305932]
V  [jvm.dll+0x30a896]
V  [jvm.dll+0x353803]
V  [jvm.dll+0x353f06]
V  [jvm.dll+0x353903]
V  [jvm.dll+0x2e0678]
V  [jvm.dll+0x2e1827]
V  [jvm.dll+0x710037]
V  [jvm.dll+0x71182c]
V  [jvm.dll+0x360da9]
V  [jvm.dll+0x6f390e]
V  [jvm.dll+0x3c9723]
V  [jvm.dll+0x3cb9b1]
C  [jli.dll+0x536b]
C  [ucrtbase.dll+0x21bb2]
C  [KERNEL32.DLL+0x17034]
C  [ntdll.dll+0x52651]


---------------  P R O C E S S  ---------------

Threads class SMR info:
_java_thread_list=0x0000018991bd53b0, length=0, elements={
}

Java Threads: ( => current thread )

Other Threads:
  0x0000018993c82800 GCTaskThread "GC Thread#0" [stack: 0x00000033cc100000,0x00000033cc200000] [id=14884]
  0x0000018993cb4000 ConcurrentGCThread "G1 Main Marker" [stack: 0x00000033cc200000,0x00000033cc300000] [id=14888]
  0x0000018993cb6800 ConcurrentGCThread "G1 Conc#0" [stack: 0x00000033cc300000,0x00000033cc400000] [id=14944]

[error occurred during error reporting (printing all threads), id 0xc0000005, EXCEPTION_ACCESS_VIOLATION (0xc0000005) at pc=0x00007ffbe6850be7]

VM state:not at safepoint (not fully initialized)

VM Mutex/Monitor currently owned by a thread:  ([mutex/lock_event])
[0x0000018993c68e00] Heap_lock - owner thread: 0x0000018993c6b000

Heap address: 0x0000000081a00000, size: 2022 MB, Compressed Oops mode: Non-zero based: 0x0000000081a00000
Narrow klass base: 0x0000000000000000, Narrow klass shift: 0

GC Heap History (0 events):
No events

Deoptimization events (0 events):
No events

Classes redefined (0 events):
No events

Internal exceptions (0 events):
No events

Events (1 events):
Event: 0.006 Loaded shared library C:\Program Files\Android\Android Studio\jre\bin\zip.dll


Dynamic libraries:
0x00007ff63d400000 - 0x00007ff63d40a000 	C:\Program Files\Android\Android Studio\jre\bin\java.exe
0x00007ffc42770000 - 0x00007ffc42967000 	C:\Windows\SYSTEM32\ntdll.dll
0x00007ffc40c50000 - 0x00007ffc40d0d000 	C:\Windows\System32\KERNEL32.DLL
0x00007ffc3ffa0000 - 0x00007ffc4026d000 	C:\Windows\System32\KERNELBASE.dll
0x00007ffc40380000 - 0x00007ffc40480000 	C:\Windows\System32\ucrtbase.dll
0x00007ffc23060000 - 0x00007ffc23079000 	C:\Program Files\Android\Android Studio\jre\bin\jli.dll
0x00007ffc1f060000 - 0x00007ffc1f077000 	C:\Program Files\Android\Android Studio\jre\bin\VCRUNTIME140.dll
0x00007ffc42260000 - 0x00007ffc42400000 	C:\Windows\System32\USER32.dll
0x00007ffc407a0000 - 0x00007ffc407c2000 	C:\Windows\System32\win32u.dll
0x00007ffc248c0000 - 0x00007ffc24b5a000 	C:\Windows\WinSxS\amd64_microsoft.windows.common-controls_6595b64144ccf1df_6.0.19041.1110_none_60b5254171f9507e\COMCTL32.dll
0x00007ffc41ba0000 - 0x00007ffc41bca000 	C:\Windows\System32\GDI32.dll
0x00007ffc40d10000 - 0x00007ffc40dae000 	C:\Windows\System32\msvcrt.dll
0x00007ffc40270000 - 0x00007ffc4037b000 	C:\Windows\System32\gdi32full.dll
0x00007ffc405e0000 - 0x00007ffc4067d000 	C:\Windows\System32\msvcp_win.dll
0x00007ffc41500000 - 0x00007ffc41530000 	C:\Windows\System32\IMM32.DLL
0x00007ffc1d420000 - 0x00007ffc1d4bd000 	C:\Program Files\Android\Android Studio\jre\bin\msvcp140.dll
0x00007ffbe6560000 - 0x00007ffbe7045000 	C:\Program Files\Android\Android Studio\jre\bin\server\jvm.dll
0x00007ffc41a00000 - 0x00007ffc41aae000 	C:\Windows\System32\ADVAPI32.dll
0x00007ffc41960000 - 0x00007ffc419fc000 	C:\Windows\System32\sechost.dll
0x00007ffc408b0000 - 0x00007ffc409d5000 	C:\Windows\System32\RPCRT4.dll
0x00007ffc42120000 - 0x00007ffc42128000 	C:\Windows\System32\PSAPI.DLL
0x00007ffc38360000 - 0x00007ffc38369000 	C:\Windows\SYSTEM32\WSOCK32.dll
0x00007ffc26270000 - 0x00007ffc26297000 	C:\Windows\SYSTEM32\WINMM.dll
0x00007ffc399b0000 - 0x00007ffc399ba000 	C:\Windows\SYSTEM32\VERSION.dll
0x00007ffc41b30000 - 0x00007ffc41b9b000 	C:\Windows\System32\WS2_32.dll
0x00007ffc3dc90000 - 0x00007ffc3dca2000 	C:\Windows\SYSTEM32\kernel.appcore.dll
0x00007ffc23380000 - 0x00007ffc23391000 	C:\Program Files\Android\Android Studio\jre\bin\verify.dll
0x00007ffc293e0000 - 0x00007ffc295c4000 	C:\Windows\SYSTEM32\DBGHELP.DLL
0x00007ffc29300000 - 0x00007ffc2932c000 	C:\Windows\SYSTEM32\dbgcore.DLL
0x00007ffc3fe90000 - 0x00007ffc3ff12000 	C:\Windows\System32\bcryptPrimitives.dll
0x00007ffc23350000 - 0x00007ffc23379000 	C:\Program Files\Android\Android Studio\jre\bin\java.dll
0x00007ffc367b0000 - 0x00007ffc367bb000 	C:\Program Files\Android\Android Studio\jre\bin\jimage.dll
0x00007ffc23250000 - 0x00007ffc23268000 	C:\Program Files\Android\Android Studio\jre\bin\zip.dll

dbghelp: loaded successfully - version: 4.0.5 - missing functions: none
symbol engine: initialized successfully - sym options: 0x614 - pdb path: .;C:\Program Files\Android\Android Studio\jre\bin;C:\Windows\SYSTEM32;C:\Windows\WinSxS\amd64_microsoft.windows.common-controls_6595b64144ccf1df_6.0.19041.1110_none_60b5254171f9507e;C:\Program Files\Android\Android Studio\jre\bin\server

VM Arguments:
java_command: org.jetbrains.kotlin.cli.jvm.K2JVMCompiler @C:\Users\Turonbank\AndroidStudioProjects\623k\app\build\20220620_11905815446480975141.compiler.options
java_class_path (initial): C:\Users\Turonbank\.gradle\caches\modules-2\files-2.1\org.jetbrains.kotlin\kotlin-compiler-embeddable\1.7.0\4d09852239f61842072b40b524882fa3caaed371\kotlin-compiler-embeddable-1.7.0.jar;C:\Users\Turonbank\.gradle\caches\modules-2\files-2.1\org.jetbrains.kotlin\kotlin-reflect\1.7.0\e660b0079fdaf744dc9cc7f6f3aa3c761ec839b0\kotlin-reflect-1.7.0.jar;C:\Users\Turonbank\.gradle\caches\modules-2\files-2.1\org.jetbrains.kotlin\kotlin-stdlib\1.7.0\a5f42c684ad9003160ef0d0f693ecf0ba7b13549\kotlin-stdlib-1.7.0.jar;C:\Users\Turonbank\.gradle\caches\modules-2\files-2.1\org.jetbrains.kotlin\kotlin-script-runtime\1.7.0\3acea1d447587e61bc3e1b3ed6227d9e9ed4ddf1\kotlin-script-runtime-1.7.0.jar;C:\Users\Turonbank\.gradle\caches\modules-2\files-2.1\org.jetbrains.kotlin\kotlin-daemon-embeddable\1.7.0\fd56798de80825c673ac93808284c5198ffa2b50\kotlin-daemon-embeddable-1.7.0.jar;C:\Users\Turonbank\.gradle\caches\modules-2\files-2.1\org.jetbrains.intellij.deps\trove4j\1.0.20200330\3afb14d5f9ceb459d724e907a21145e8ff394f02\trove4j-1.0.20200330.jar;C:\Users\Turonbank\.gradle\caches\modules-2\files-2.1\net.java.dev.jna\jna\5.6.0\330f2244e9030119ab3030fc3fededc86713d9cc\jna-5.6.0.jar;C:\Users\Turonbank\.gradle\caches\modules-2\files-2.1\org.jetbrains.kotlin\kotlin-stdlib-common\1.7.0\51736992f422993a1e741051bdf3c12801bc1ca1\kotlin-stdlib-common-1.7.0.jar;C:\Users\Turonbank\.gradle\caches\modules-2\files-2.1\org.jetbrains\annotations\13.0\919f0dfe192fb4e063e7dacadee7f8bb9a2672a9\annotations-13.0.jar
Launcher Type: SUN_STANDARD

[Global flags]
     intx CICompilerCount                          = 4                                         {product} {ergonomic}
     uint ConcGCThreads                            = 2                                         {product} {ergonomic}
     uint G1ConcRefinementThreads                  = 8                                         {product} {ergonomic}
   size_t G1HeapRegionSize                         = 1048576                                   {product} {ergonomic}
    uintx GCDrainStackTargetSize                   = 64                                        {product} {ergonomic}
   size_t InitialHeapSize                          = 134217728                                 {product} {ergonomic}
   size_t MarkStackSize                            = 4194304                                   {product} {ergonomic}
   size_t MaxHeapSize                              = 2120220672                                {product} {ergonomic}
   size_t MinHeapDeltaBytes                        = 1048576                                   {product} {ergonomic}
    uintx NonNMethodCodeHeapSize                   = 5836300                                {pd product} {ergonomic}
    uintx NonProfiledCodeHeapSize                  = 122910970                              {pd product} {ergonomic}
    uintx ProfiledCodeHeapSize                     = 122910970                              {pd product} {ergonomic}
    uintx ReservedCodeCacheSize                    = 251658240                              {pd product} {ergonomic}
     bool SegmentedCodeCache                       = true                                      {product} {ergonomic}
     bool UseCompressedClassPointers               = true                                 {lp64_product} {ergonomic}
     bool UseCompressedOops                        = true                                 {lp64_product} {ergonomic}
     bool UseG1GC                                  = true                                      {product} {ergonomic}
     bool UseLargePagesIndividualAllocation        = false                                  {pd product} {ergonomic}

Logging:
Log output configuration:
 #0: stdout all=warning uptime,level,tags
 #1: stderr all=off uptime,level,tags

Environment Variables:
PATH=C:\Program Files\Common Files\Oracle\Java\javapath;C:\Program Files (x86)\Common Files\Oracle\Java\javapath;C:\Windows\system32;C:\Windows;C:\Windows\System32\Wbem;C:\Windows\System32\WindowsPowerShell\v1.0\;C:\Windows\System32\OpenSSH\;C:\Users\Turonbank\AppData\Local\Microsoft\WindowsApps;C:\Users\Turonbank\AppData\Local\Programs\Git\cmd
USERNAME=Turonbank
OS=Windows_NT
PROCESSOR_IDENTIFIER=Intel64 Family 6 Model 165 Stepping 3, GenuineIntel



---------------  S Y S T E M  ---------------

OS: Windows 10 , 64 bit Build 19041 (10.0.19041.1741)
OS uptime: 0 days 2:56 hours
Hyper-V role detected

CPU:total 8 (initial active 8) (4 cores per cpu, 2 threads per core) family 6 model 165 stepping 3 microcode 0xcc, cmov, cx8, fxsr, mmx, sse, sse2, sse3, ssse3, sse4.1, sse4.2, popcnt, avx, avx2, aes, clmul, erms, 3dnowpref, lzcnt, ht, tsc, tscinvbit, bmi1, bmi2, adx, fma

Memory: 4k page, system-wide physical 8085M (513M free)
TotalPageFile size 10133M (AvailPageFile size 130M)
current process WorkingSet (physical memory assigned to process): 10M, peak: 10M
current process commit charge ("private bytes"): 59M, peak: 187M

vm_info: OpenJDK 64-Bit Server VM (11.0.12+7-b1504.28-7817840) for windows-amd64 JRE (11.0.12+7-b1504.28-7817840), built on Oct 13 2021 22:12:33 by "builder" with MS VC++ 14.0 (VS2015)

END.
